[1120/225036:WARNING:dns_config_service_win.cc(711)] Failed to read DnsHosts.
[1120/225047:WARNING:dhcp_proxy_script_fetcher_win.cc(345)] Unexpected error retrieving WPAD configuration from DHCP.
[1120/225629:WARNING:dns_config_service_win.cc(665)] Failed to read DnsConfig.
[1120/225629:WARNING:dns_config_service_win.cc(665)] Failed to read DnsConfig.
[1120/225629:WARNING:dns_config_service_win.cc(665)] Failed to read DnsConfig.
[1120/225629:WARNING:dns_config_service_win.cc(665)] Failed to read DnsConfig.
[1120/225629:WARNING:dns_config_service_win.cc(665)] Failed to read DnsConfig.
[1120/225629:WARNING:dns_config_service_win.cc(665)] Failed to read DnsConfig.
[1120/225634:WARNING:dns_config_service_win.cc(665)] Failed to read DnsConfig.
[1120/225634:WARNING:dns_config_service_win.cc(665)] Failed to read DnsConfig.
[1120/225634:WARNING:dns_config_service_win.cc(665)] Failed to read DnsConfig.
[1120/225634:WARNING:dns_config_service_win.cc(665)] Failed to read DnsConfig.
[1120/225639:WARNING:dns_config_service_win.cc(665)] Failed to read DnsConfig.
[1120/225639:WARNING:dns_config_service_win.cc(665)] Failed to read DnsConfig.
[1120/225639:WARNING:dns_config_service_win.cc(665)] Failed to read DnsConfig.
[1120/225639:WARNING:dns_config_service_win.cc(665)] Failed to read DnsConfig.
[1120/225644:WARNING:dns_config_service_win.cc(665)] Failed to read DnsConfig.
[1120/225644:WARNING:dns_config_service_win.cc(665)] Failed to read DnsConfig.
[1120/225649:WARNING:dns_config_service_win.cc(665)] Failed to read DnsConfig.
[1120/225649:WARNING:dns_config_service_win.cc(665)] Failed to read DnsConfig.
[1120/225654:WARNING:dns_config_service_win.cc(665)] Failed to read DnsConfig.
[1120/225659:WARNING:dns_config_service_win.cc(665)] Failed to read DnsConfig.
[1120/225704:WARNING:dns_config_service_win.cc(665)] Failed to read DnsConfig.
[1120/225709:WARNING:dns_config_service_win.cc(665)] Failed to read DnsConfig.
[1120/225714:WARNING:dns_config_service_win.cc(665)] Failed to read DnsConfig.
[1120/225719:WARNING:dns_config_service_win.cc(665)] Failed to read DnsConfig.
[1120/225724:WARNING:dns_config_service_win.cc(665)] Failed to read DnsConfig.
[1120/225729:WARNING:dns_config_service_win.cc(665)] Failed to read DnsConfig.
[1120/225734:WARNING:dns_config_service_win.cc(665)] Failed to read DnsConfig.
[1120/225739:WARNING:dns_config_service_win.cc(665)] Failed to read DnsConfig.
[1120/225744:WARNING:dns_config_service_win.cc(665)] Failed to read DnsConfig.
[1120/225749:WARNING:dns_config_service_win.cc(665)] Failed to read DnsConfig.
[1120/225754:WARNING:dns_config_service_win.cc(665)] Failed to read DnsConfig.
[1120/225759:WARNING:dns_config_service_win.cc(665)] Failed to read DnsConfig.
[1120/225804:WARNING:dns_config_service_win.cc(665)] Failed to read DnsConfig.
[1120/225809:WARNING:dns_config_service_win.cc(665)] Failed to read DnsConfig.
[1120/225814:WARNING:dns_config_service_win.cc(665)] Failed to read DnsConfig.
[1120/225819:WARNING:dns_config_service_win.cc(665)] Failed to read DnsConfig.
[1120/225824:WARNING:dns_config_service_win.cc(665)] Failed to read DnsConfig.
[1120/225829:WARNING:dns_config_service_win.cc(665)] Failed to read DnsConfig.
[1120/225834:WARNING:dns_config_service_win.cc(665)] Failed to read DnsConfig.
[1120/225839:WARNING:dns_config_service_win.cc(665)] Failed to read DnsConfig.
[1120/225844:WARNING:dns_config_service_win.cc(665)] Failed to read DnsConfig.
[1120/225849:WARNING:dns_config_service_win.cc(665)] Failed to read DnsConfig.
[1120/225854:WARNING:dns_config_service_win.cc(665)] Failed to read DnsConfig.
[1120/225859:WARNING:dns_config_service_win.cc(665)] Failed to read DnsConfig.
[1120/225904:WARNING:dns_config_service_win.cc(665)] Failed to read DnsConfig.
[1120/225909:WARNING:dns_config_service_win.cc(665)] Failed to read DnsConfig.
[1120/225914:WARNING:dns_config_service_win.cc(665)] Failed to read DnsConfig.
[1120/225919:WARNING:dns_config_service_win.cc(665)] Failed to read DnsConfig.
[1120/225924:WARNING:dns_config_service_win.cc(665)] Failed to read DnsConfig.
[1120/225929:WARNING:dns_config_service_win.cc(665)] Failed to read DnsConfig.
[1120/225934:WARNING:dns_config_service_win.cc(665)] Failed to read DnsConfig.
[1120/225939:WARNING:dns_config_service_win.cc(665)] Failed to read DnsConfig.
[1120/225944:WARNING:dns_config_service_win.cc(665)] Failed to read DnsConfig.
[1120/225949:WARNING:dns_config_service_win.cc(665)] Failed to read DnsConfig.
[1120/225954:WARNING:dns_config_service_win.cc(665)] Failed to read DnsConfig.
[1120/225959:WARNING:dns_config_service_win.cc(665)] Failed to read DnsConfig.
[1120/230004:WARNING:dns_config_service_win.cc(665)] Failed to read DnsConfig.
[1120/230009:WARNING:dns_config_service_win.cc(665)] Failed to read DnsConfig.
[1120/230014:WARNING:dns_config_service_win.cc(665)] Failed to read DnsConfig.
[1120/230019:WARNING:dns_config_service_win.cc(665)] Failed to read DnsConfig.
[1120/230024:WARNING:dns_config_service_win.cc(665)] Failed to read DnsConfig.
[1120/230029:WARNING:dns_config_service_win.cc(665)] Failed to read DnsConfig.
[1120/230034:WARNING:dns_config_service_win.cc(665)] Failed to read DnsConfig.
[1120/230039:WARNING:dns_config_service_win.cc(665)] Failed to read DnsConfig.
[1120/230044:WARNING:dns_config_service_win.cc(665)] Failed to read DnsConfig.
[1120/230049:WARNING:dns_config_service_win.cc(665)] Failed to read DnsConfig.
[1120/230054:WARNING:dns_config_service_win.cc(665)] Failed to read DnsConfig.
[1120/230059:WARNING:dns_config_service_win.cc(665)] Failed to read DnsConfig.
[1120/230104:WARNING:dns_config_service_win.cc(665)] Failed to read DnsConfig.
[1120/230109:WARNING:dns_config_service_win.cc(665)] Failed to read DnsConfig.
[1120/230114:WARNING:dns_config_service_win.cc(665)] Failed to read DnsConfig.
[1120/230119:WARNING:dns_config_service_win.cc(665)] Failed to read DnsConfig.
[1120/230124:WARNING:dns_config_service_win.cc(665)] Failed to read DnsConfig.
[1120/230129:WARNING:dns_config_service_win.cc(665)] Failed to read DnsConfig.
[1120/230134:WARNING:dns_config_service_win.cc(665)] Failed to read DnsConfig.
[1120/230139:WARNING:dns_config_service_win.cc(665)] Failed to read DnsConfig.
[1120/230144:WARNING:dns_config_service_win.cc(665)] Failed to read DnsConfig.
[1120/230149:WARNING:dns_config_service_win.cc(665)] Failed to read DnsConfig.
[1120/230154:WARNING:dns_config_service_win.cc(665)] Failed to read DnsConfig.
[1120/230159:WARNING:dns_config_service_win.cc(665)] Failed to read DnsConfig.
[1120/230204:WARNING:dns_config_service_win.cc(665)] Failed to read DnsConfig.
[1120/230209:WARNING:dns_config_service_win.cc(665)] Failed to read DnsConfig.
[1120/230214:WARNING:dns_config_service_win.cc(665)] Failed to read DnsConfig.
[1120/230219:WARNING:dns_config_service_win.cc(665)] Failed to read DnsConfig.
[1120/230224:WARNING:dns_config_service_win.cc(665)] Failed to read DnsConfig.
[1120/230229:WARNING:dns_config_service_win.cc(665)] Failed to read DnsConfig.
[1120/230234:WARNING:dns_config_service_win.cc(665)] Failed to read DnsConfig.
[1120/230239:WARNING:dns_config_service_win.cc(665)] Failed to read DnsConfig.
[1120/230244:WARNING:dns_config_service_win.cc(665)] Failed to read DnsConfig.
[1120/230249:WARNING:dns_config_service_win.cc(665)] Failed to read DnsConfig.
[1120/230254:WARNING:dns_config_service_win.cc(665)] Failed to read DnsConfig.
[1120/230259:WARNING:dns_config_service_win.cc(665)] Failed to read DnsConfig.
[1120/230304:WARNING:dns_config_service_win.cc(665)] Failed to read DnsConfig.
[1120/230309:WARNING:dns_config_service_win.cc(665)] Failed to read DnsConfig.
[1120/230314:WARNING:dns_config_service_win.cc(665)] Failed to read DnsConfig.
[1120/230319:WARNING:dns_config_service_win.cc(665)] Failed to read DnsConfig.
[1120/230324:WARNING:dns_config_service_win.cc(665)] Failed to read DnsConfig.
[1120/230329:WARNING:dns_config_service_win.cc(665)] Failed to read DnsConfig.
[1120/230334:WARNING:dns_config_service_win.cc(665)] Failed to read DnsConfig.
[1120/230339:WARNING:dns_config_service_win.cc(665)] Failed to read DnsConfig.
[1120/230344:WARNING:dns_config_service_win.cc(665)] Failed to read DnsConfig.
[1120/230349:WARNING:dns_config_service_win.cc(665)] Failed to read DnsConfig.
[1120/230354:WARNING:dns_config_service_win.cc(665)] Failed to read DnsConfig.
[1120/230359:WARNING:dns_config_service_win.cc(665)] Failed to read DnsConfig.
[1120/230404:WARNING:dns_config_service_win.cc(665)] Failed to read DnsConfig.
[1120/230409:WARNING:dns_config_service_win.cc(665)] Failed to read DnsConfig.
[1120/230414:WARNING:dns_config_service_win.cc(665)] Failed to read DnsConfig.
[1120/230419:WARNING:dns_config_service_win.cc(665)] Failed to read DnsConfig.
[1120/230424:WARNING:dns_config_service_win.cc(665)] Failed to read DnsConfig.
[1120/230429:WARNING:dns_config_service_win.cc(665)] Failed to read DnsConfig.
[1120/230434:WARNING:dns_config_service_win.cc(665)] Failed to read DnsConfig.
[1120/230439:WARNING:dns_config_service_win.cc(665)] Failed to read DnsConfig.
[1120/230444:WARNING:dns_config_service_win.cc(665)] Failed to read DnsConfig.
[1120/230449:WARNING:dns_config_service_win.cc(665)] Failed to read DnsConfig.
[1120/230454:WARNING:dns_config_service_win.cc(665)] Failed to read DnsConfig.
[1120/230459:WARNING:dns_config_service_win.cc(665)] Failed to read DnsConfig.
[1120/230504:WARNING:dns_config_service_win.cc(665)] Failed to read DnsConfig.
[1120/230509:WARNING:dns_config_service_win.cc(665)] Failed to read DnsConfig.
[1120/230514:WARNING:dns_config_service_win.cc(665)] Failed to read DnsConfig.
[1120/230519:WARNING:dns_config_service_win.cc(665)] Failed to read DnsConfig.
[1120/230524:WARNING:dns_config_service_win.cc(665)] Failed to read DnsConfig.
[1120/230529:WARNING:dns_config_service_win.cc(665)] Failed to read DnsConfig.
[1120/230534:WARNING:dns_config_service_win.cc(665)] Failed to read DnsConfig.
[1120/230539:WARNING:dns_config_service_win.cc(665)] Failed to read DnsConfig.
[1120/230544:WARNING:dns_config_service_win.cc(665)] Failed to read DnsConfig.
[1120/230549:WARNING:dns_config_service_win.cc(665)] Failed to read DnsConfig.
[1120/230554:WARNING:dns_config_service_win.cc(665)] Failed to read DnsConfig.
[1120/230559:WARNING:dns_config_service_win.cc(665)] Failed to read DnsConfig.
[1120/230604:WARNING:dns_config_service_win.cc(665)] Failed to read DnsConfig.
[1120/230609:WARNING:dns_config_service_win.cc(665)] Failed to read DnsConfig.
[1120/230614:WARNING:dns_config_service_win.cc(665)] Failed to read DnsConfig.
[1120/230619:WARNING:dns_config_service_win.cc(665)] Failed to read DnsConfig.
[1120/230624:WARNING:dns_config_service_win.cc(665)] Failed to read DnsConfig.
[1120/230629:WARNING:dns_config_service_win.cc(665)] Failed to read DnsConfig.
[1120/230634:WARNING:dns_config_service_win.cc(665)] Failed to read DnsConfig.
[1120/230639:WARNING:dns_config_service_win.cc(665)] Failed to read DnsConfig.
[1120/230644:WARNING:dns_config_service_win.cc(665)] Failed to read DnsConfig.
[1120/230649:WARNING:dns_config_service_win.cc(665)] Failed to read DnsConfig.
[1120/230654:WARNING:dns_config_service_win.cc(665)] Failed to read DnsConfig.
[1120/230659:WARNING:dns_config_service_win.cc(665)] Failed to read DnsConfig.
[1120/230704:WARNING:dns_config_service_win.cc(665)] Failed to read DnsConfig.
[1120/230709:WARNING:dns_config_service_win.cc(665)] Failed to read DnsConfig.
[1120/230714:WARNING:dns_config_service_win.cc(665)] Failed to read DnsConfig.
[1120/230714:WARNING:dns_config_service_win.cc(665)] Failed to read DnsConfig.
[1120/230714:WARNING:dns_config_service_win.cc(665)] Failed to read DnsConfig.
[1120/230714:WARNING:dns_config_service_win.cc(665)] Failed to read DnsConfig.
[1120/230714:WARNING:dns_config_service_win.cc(665)] Failed to read DnsConfig.
[1120/230714:WARNING:dns_config_service_win.cc(665)] Failed to read DnsConfig.
[1120/230719:WARNING:dns_config_service_win.cc(665)] Failed to read DnsConfig.
[1120/230719:WARNING:dns_config_service_win.cc(665)] Failed to read DnsConfig.
[1120/230719:WARNING:dns_config_service_win.cc(665)] Failed to read DnsConfig.
[1120/230719:WARNING:dns_config_service_win.cc(665)] Failed to read DnsConfig.
[1120/230719:WARNING:dns_config_service_win.cc(665)] Failed to read DnsConfig.
[1120/230724:WARNING:dns_config_service_win.cc(665)] Failed to read DnsConfig.
[1120/230724:WARNING:dns_config_service_win.cc(665)] Failed to read DnsConfig.
[1120/230729:WARNING:dns_config_service_win.cc(665)] Failed to read DnsConfig.
[1120/230729:WARNING:dns_config_service_win.cc(665)] Failed to read DnsConfig.
[1120/230734:WARNING:dns_config_service_win.cc(665)] Failed to read DnsConfig.
[1120/230734:WARNING:dns_config_service_win.cc(665)] Failed to read DnsConfig.
[1120/230739:WARNING:dns_config_service_win.cc(665)] Failed to read DnsConfig.
[1120/230739:WARNING:dns_config_service_win.cc(665)] Failed to read DnsConfig.
[1120/230744:WARNING:dns_config_service_win.cc(665)] Failed to read DnsConfig.
[1120/230744:WARNING:dns_config_service_win.cc(665)] Failed to read DnsConfig.
[1120/230749:WARNING:dns_config_service_win.cc(665)] Failed to read DnsConfig.
[1120/230749:WARNING:dns_config_service_win.cc(665)] Failed to read DnsConfig.
[1120/230754:WARNING:dns_config_service_win.cc(665)] Failed to read DnsConfig.
[1120/230754:WARNING:dns_config_service_win.cc(665)] Failed to read DnsConfig.
[1120/230759:WARNING:dns_config_service_win.cc(665)] Failed to read DnsConfig.
[1120/230759:WARNING:dns_config_service_win.cc(665)] Failed to read DnsConfig.
[1120/230804:WARNING:dns_config_service_win.cc(665)] Failed to read DnsConfig.
[1120/230804:WARNING:dns_config_service_win.cc(665)] Failed to read DnsConfig.
[1120/230809:WARNING:dns_config_service_win.cc(665)] Failed to read DnsConfig.
[1120/230809:WARNING:dns_config_service_win.cc(665)] Failed to read DnsConfig.
[1120/230814:WARNING:dns_config_service_win.cc(665)] Failed to read DnsConfig.
[1120/230814:WARNING:dns_config_service_win.cc(665)] Failed to read DnsConfig.
[1120/230819:WARNING:dns_config_service_win.cc(665)] Failed to read DnsConfig.
[1120/230819:WARNING:dns_config_service_win.cc(665)] Failed to read DnsConfig.
[1120/230824:WARNING:dns_config_service_win.cc(665)] Failed to read DnsConfig.
[1120/230824:WARNING:dns_config_service_win.cc(665)] Failed to read DnsConfig.
[1120/230829:WARNING:dns_config_service_win.cc(665)] Failed to read DnsConfig.
[1120/230829:WARNING:dns_config_service_win.cc(665)] Failed to read DnsConfig.
[1120/230834:WARNING:dns_config_service_win.cc(665)] Failed to read DnsConfig.
[1120/230834:WARNING:dns_config_service_win.cc(665)] Failed to read DnsConfig.
[1120/230839:WARNING:dns_config_service_win.cc(665)] Failed to read DnsConfig.
[1120/230839:WARNING:dns_config_service_win.cc(665)] Failed to read DnsConfig.
[1120/230844:WARNING:dns_config_service_win.cc(665)] Failed to read DnsConfig.
[1120/230844:WARNING:dns_config_service_win.cc(665)] Failed to read DnsConfig.
[1120/230849:WARNING:dns_config_service_win.cc(665)] Failed to read DnsConfig.
[1120/230849:WARNING:dns_config_service_win.cc(665)] Failed to read DnsConfig.
[1120/230854:WARNING:dns_config_service_win.cc(665)] Failed to read DnsConfig.
[1120/230854:WARNING:dns_config_service_win.cc(665)] Failed to read DnsConfig.
[1120/230859:WARNING:dns_config_service_win.cc(665)] Failed to read DnsConfig.
[1120/230859:WARNING:dns_config_service_win.cc(665)] Failed to read DnsConfig.
[1120/230904:WARNING:dns_config_service_win.cc(665)] Failed to read DnsConfig.
[1120/230904:WARNING:dns_config_service_win.cc(665)] Failed to read DnsConfig.
[1120/230909:WARNING:dns_config_service_win.cc(665)] Failed to read DnsConfig.
[1120/230909:WARNING:dns_config_service_win.cc(665)] Failed to read DnsConfig.
[1120/230914:WARNING:dns_config_service_win.cc(665)] Failed to read DnsConfig.
[1120/230914:WARNING:dns_config_service_win.cc(665)] Failed to read DnsConfig.
[1120/230919:WARNING:dns_config_service_win.cc(665)] Failed to read DnsConfig.
[1120/230919:WARNING:dns_config_service_win.cc(665)] Failed to read DnsConfig.
[1120/230924:WARNING:dns_config_service_win.cc(665)] Failed to read DnsConfig.
[1120/230924:WARNING:dns_config_service_win.cc(665)] Failed to read DnsConfig.
[1120/230929:WARNING:dns_config_service_win.cc(665)] Failed to read DnsConfig.
[1120/230929:WARNING:dns_config_service_win.cc(665)] Failed to read DnsConfig.
[1120/230934:WARNING:dns_config_service_win.cc(665)] Failed to read DnsConfig.
[1120/230934:WARNING:dns_config_service_win.cc(665)] Failed to read DnsConfig.
[1120/230939:WARNING:dns_config_service_win.cc(665)] Failed to read DnsConfig.
[1120/230939:WARNING:dns_config_service_win.cc(665)] Failed to read DnsConfig.
[1120/230944:WARNING:dns_config_service_win.cc(665)] Failed to read DnsConfig.
[1120/230944:WARNING:dns_config_service_win.cc(665)] Failed to read DnsConfig.
[1120/230949:WARNING:dns_config_service_win.cc(665)] Failed to read DnsConfig.
[1120/230949:WARNING:dns_config_service_win.cc(665)] Failed to read DnsConfig.
[1120/230954:WARNING:dns_config_service_win.cc(665)] Failed to read DnsConfig.
[1120/230954:WARNING:dns_config_service_win.cc(665)] Failed to read DnsConfig.
[1120/230959:WARNING:dns_config_service_win.cc(665)] Failed to read DnsConfig.
[1120/230959:WARNING:dns_config_service_win.cc(665)] Failed to read DnsConfig.
[1120/231004:WARNING:dns_config_service_win.cc(665)] Failed to read DnsConfig.
[1120/231004:WARNING:dns_config_service_win.cc(665)] Failed to read DnsConfig.
[1120/231009:WARNING:dns_config_service_win.cc(665)] Failed to read DnsConfig.
[1120/231009:WARNING:dns_config_service_win.cc(665)] Failed to read DnsConfig.
[1120/231014:WARNING:dns_config_service_win.cc(665)] Failed to read DnsConfig.
[1120/231014:WARNING:dns_config_service_win.cc(665)] Failed to read DnsConfig.
[1120/231019:WARNING:dns_config_service_win.cc(665)] Failed to read DnsConfig.
[1120/231019:WARNING:dns_config_service_win.cc(665)] Failed to read DnsConfig.
[1120/231024:WARNING:dns_config_service_win.cc(665)] Failed to read DnsConfig.
[1120/231024:WARNING:dns_config_service_win.cc(665)] Failed to read DnsConfig.
[1120/231029:WARNING:dns_config_service_win.cc(665)] Failed to read DnsConfig.
[1120/231029:WARNING:dns_config_service_win.cc(665)] Failed to read DnsConfig.
[1120/231033:WARNING:dhcp_proxy_script_fetcher_win.cc(345)] Unexpected error retrieving WPAD configuration from DHCP.
[1120/231034:WARNING:dns_config_service_win.cc(665)] Failed to read DnsConfig.
[1120/231034:INFO:CONSOLE(1)] "This file is deprecated. Please use `iron-flex-layout/iron-flex-layout-classes.html`, and one of the specific dom-modules instead", source: chrome://resources/polymer/v1_0/iron-flex-layout/classes/iron-shadow-flex-layout-extracted.js (1)
[1120/231034:INFO:CONSOLE(1)] "This file is deprecated. Please use `iron-flex-layout/iron-flex-layout-classes.html`, and one of the specific dom-modules instead", source: chrome://resources/polymer/v1_0/iron-flex-layout/classes/iron-flex-layout-extracted.js (1)
[1120/231034:INFO:CONSOLE(0)] "/deep/ combinator is deprecated. See https://www.chromestatus.com/features/6750456638341120 for more details.", source:  (0)
[1120/231034:INFO:CONSOLE(272)] "Uncaught (in promise) TypeError: Cannot read property 'getStrings' of undefined", source: chrome-extension://mhjfbmdgcfjbbpaeojofohoefgiehjai/pdf.js (272)
[1120/231039:WARNING:dns_config_service_win.cc(665)] Failed to read DnsConfig.
[1120/231044:WARNING:dns_config_service_win.cc(665)] Failed to read DnsConfig.
[1120/231049:WARNING:dns_config_service_win.cc(665)] Failed to read DnsConfig.
[1120/231054:WARNING:dns_config_service_win.cc(665)] Failed to read DnsConfig.
[1120/232725:WARNING:dns_config_service_win.cc(665)] Failed to read DnsConfig.
[1120/232725:WARNING:dns_config_service_win.cc(665)] Failed to read DnsConfig.
[1120/232725:WARNING:dns_config_service_win.cc(665)] Failed to read DnsConfig.
[1120/232730:WARNING:dns_config_service_win.cc(665)] Failed to read DnsConfig.
[1120/232730:WARNING:dns_config_service_win.cc(665)] Failed to read DnsConfig.
[1120/232735:WARNING:dns_config_service_win.cc(665)] Failed to read DnsConfig.
[1120/232740:WARNING:dns_config_service_win.cc(665)] Failed to read DnsConfig.
[1120/232745:WARNING:dns_config_service_win.cc(665)] Failed to read DnsConfig.
[1120/232750:WARNING:dns_config_service_win.cc(665)] Failed to read DnsConfig.
[1120/232755:WARNING:dns_config_service_win.cc(665)] Failed to read DnsConfig.
[1120/232800:WARNING:dns_config_service_win.cc(665)] Failed to read DnsConfig.
[1120/232805:WARNING:dns_config_service_win.cc(665)] Failed to read DnsConfig.
[1120/232810:WARNING:dns_config_service_win.cc(665)] Failed to read DnsConfig.
[1120/232815:WARNING:dns_config_service_win.cc(665)] Failed to read DnsConfig.
[1120/232820:WARNING:dns_config_service_win.cc(665)] Failed to read DnsConfig.
[1120/232825:WARNING:dns_config_service_win.cc(665)] Failed to read DnsConfig.
[1120/232830:WARNING:dns_config_service_win.cc(665)] Failed to read DnsConfig.
[1120/232835:WARNING:dns_config_service_win.cc(665)] Failed to read DnsConfig.
[1120/232839:WARNING:dns_config_service_win.cc(665)] Failed to read DnsConfig.
[1120/232839:WARNING:dns_config_service_win.cc(665)] Failed to read DnsConfig.
[1120/232839:WARNING:dns_config_service_win.cc(665)] Failed to read DnsConfig.
[1120/232840:WARNING:dns_config_service_win.cc(665)] Failed to read DnsConfig.
[1120/232844:WARNING:dns_config_service_win.cc(665)] Failed to read DnsConfig.
[1120/232844:WARNING:dns_config_service_win.cc(665)] Failed to read DnsConfig.
[1120/232845:WARNING:dns_config_service_win.cc(665)] Failed to read DnsConfig.
[1120/232849:WARNING:dns_config_service_win.cc(665)] Failed to read DnsConfig.
[1120/232850:WARNING:dns_config_service_win.cc(665)] Failed to read DnsConfig.
[1120/232854:WARNING:dns_config_service_win.cc(665)] Failed to read DnsConfig.
[1120/232855:WARNING:dns_config_service_win.cc(665)] Failed to read DnsConfig.
[1120/232859:WARNING:dns_config_service_win.cc(665)] Failed to read DnsConfig.
[1120/232900:WARNING:dns_config_service_win.cc(665)] Failed to read DnsConfig.
[1120/232904:WARNING:dns_config_service_win.cc(665)] Failed to read DnsConfig.
[1120/232905:WARNING:dns_config_service_win.cc(665)] Failed to read DnsConfig.
[1120/232909:WARNING:dns_config_service_win.cc(665)] Failed to read DnsConfig.
[1120/232910:WARNING:dns_config_service_win.cc(665)] Failed to read DnsConfig.
[1120/232914:WARNING:dns_config_service_win.cc(665)] Failed to read DnsConfig.
[1120/232915:WARNING:dns_config_service_win.cc(665)] Failed to read DnsConfig.
[1120/232919:WARNING:dns_config_service_win.cc(665)] Failed to read DnsConfig.
[1120/232920:WARNING:dns_config_service_win.cc(665)] Failed to read DnsConfig.
[1120/232924:WARNING:dns_config_service_win.cc(665)] Failed to read DnsConfig.
[1120/232925:WARNING:dns_config_service_win.cc(665)] Failed to read DnsConfig.
[1120/232929:WARNING:dns_config_service_win.cc(665)] Failed to read DnsConfig.
[1120/232930:WARNING:dns_config_service_win.cc(665)] Failed to read DnsConfig.
[1120/232934:WARNING:dns_config_service_win.cc(665)] Failed to read DnsConfig.
[1120/232935:WARNING:dns_config_service_win.cc(665)] Failed to read DnsConfig.
[1120/232939:WARNING:dns_config_service_win.cc(665)] Failed to read DnsConfig.
[1120/232940:WARNING:dns_config_service_win.cc(665)] Failed to read DnsConfig.
[1120/232944:WARNING:dns_config_service_win.cc(665)] Failed to read DnsConfig.
[1120/232945:WARNING:dns_config_service_win.cc(665)] Failed to read DnsConfig.
[1120/232949:WARNING:dns_config_service_win.cc(665)] Failed to read DnsConfig.
[1120/232950:WARNING:dns_config_service_win.cc(665)] Failed to read DnsConfig.
[1120/232954:WARNING:dns_config_service_win.cc(665)] Failed to read DnsConfig.
[1120/232955:WARNING:dns_config_service_win.cc(665)] Failed to read DnsConfig.
[1120/232959:WARNING:dns_config_service_win.cc(665)] Failed to read DnsConfig.
[1120/233000:WARNING:dns_config_service_win.cc(665)] Failed to read DnsConfig.
[1120/233004:WARNING:dns_config_service_win.cc(665)] Failed to read DnsConfig.
[1120/233005:WARNING:dns_config_service_win.cc(665)] Failed to read DnsConfig.
[1120/233009:WARNING:dns_config_service_win.cc(665)] Failed to read DnsConfig.
[1120/233010:WARNING:dns_config_service_win.cc(665)] Failed to read DnsConfig.
[1120/233014:WARNING:dns_config_service_win.cc(665)] Failed to read DnsConfig.
[1120/233015:WARNING:dns_config_service_win.cc(665)] Failed to read DnsConfig.
[1120/233019:WARNING:dns_config_service_win.cc(665)] Failed to read DnsConfig.
[1120/233020:WARNING:dns_config_service_win.cc(665)] Failed to read DnsConfig.
[1120/233024:WARNING:dns_config_service_win.cc(665)] Failed to read DnsConfig.
[1120/233025:WARNING:dns_config_service_win.cc(665)] Failed to read DnsConfig.
[1120/233029:WARNING:dns_config_service_win.cc(665)] Failed to read DnsConfig.
[1120/233030:WARNING:dns_config_service_win.cc(665)] Failed to read DnsConfig.
[1120/233034:WARNING:dns_config_service_win.cc(665)] Failed to read DnsConfig.
[1120/233035:WARNING:dns_config_service_win.cc(665)] Failed to read DnsConfig.
[1120/233039:WARNING:dns_config_service_win.cc(665)] Failed to read DnsConfig.
[1120/233040:WARNING:dns_config_service_win.cc(665)] Failed to read DnsConfig.
[1120/233044:WARNING:dns_config_service_win.cc(665)] Failed to read DnsConfig.
[1120/233045:WARNING:dns_config_service_win.cc(665)] Failed to read DnsConfig.
[1120/233049:WARNING:dns_config_service_win.cc(665)] Failed to read DnsConfig.
[1120/233050:WARNING:dns_config_service_win.cc(665)] Failed to read DnsConfig.
[1120/233054:WARNING:dns_config_service_win.cc(665)] Failed to read DnsConfig.
[1120/233055:WARNING:dns_config_service_win.cc(665)] Failed to read DnsConfig.
[1120/233059:WARNING:dns_config_service_win.cc(665)] Failed to read DnsConfig.
[1120/233100:WARNING:dns_config_service_win.cc(665)] Failed to read DnsConfig.
[1120/233104:WARNING:dns_config_service_win.cc(665)] Failed to read DnsConfig.
[1120/233105:WARNING:dns_config_service_win.cc(665)] Failed to read DnsConfig.
[1120/233109:WARNING:dns_config_service_win.cc(665)] Failed to read DnsConfig.
[1120/233110:WARNING:dns_config_service_win.cc(665)] Failed to read DnsConfig.
[1120/233114:WARNING:dns_config_service_win.cc(665)] Failed to read DnsConfig.
[1120/233115:WARNING:dns_config_service_win.cc(665)] Failed to read DnsConfig.
[1120/233119:WARNING:dns_config_service_win.cc(665)] Failed to read DnsConfig.
[1120/233120:WARNING:dns_config_service_win.cc(665)] Failed to read DnsConfig.
[1120/233124:WARNING:dns_config_service_win.cc(665)] Failed to read DnsConfig.
[1120/233125:WARNING:dns_config_service_win.cc(665)] Failed to read DnsConfig.
[1120/233129:WARNING:dns_config_service_win.cc(665)] Failed to read DnsConfig.
[1120/233130:WARNING:dns_config_service_win.cc(665)] Failed to read DnsConfig.
[1120/233134:WARNING:dns_config_service_win.cc(665)] Failed to read DnsConfig.
[1120/233135:WARNING:dns_config_service_win.cc(665)] Failed to read DnsConfig.
[1120/233139:WARNING:dns_config_service_win.cc(665)] Failed to read DnsConfig.
[1120/233140:WARNING:dns_config_service_win.cc(665)] Failed to read DnsConfig.
[1120/233144:WARNING:dns_config_service_win.cc(665)] Failed to read DnsConfig.
[1120/233145:WARNING:dns_config_service_win.cc(665)] Failed to read DnsConfig.
[1120/233149:WARNING:dns_config_service_win.cc(665)] Failed to read DnsConfig.
[1120/233150:WARNING:dns_config_service_win.cc(665)] Failed to read DnsConfig.
